<?xml version="1.0" encoding="UTF-8"?>
<!-- Generated by org.testng.reporters.JUnitXMLReporter -->
<testsuite hostname="LAP-TZD-0x76360" ignored="0" name="SamsungDeviceTest" tests="2" failures="1" timestamp="2020-01-28T02:21:41 IST" time="53.41" errors="0">
  <testcase name="@BeforeTest setUP" time="0.939" classname="com.tigerAir.mobileAutomation.testCases.BookingModuleTestCases">
    <failure type="io.appium.java_client.service.local.InvalidServerInstanceException" message="Invalid server instance exception has occured: There is no installed nodes! Please install node via NPM (https://www.npmjs.com/package/appium#using-node-js) or download and install Appium app (http://appium.io/downloads.html)">
      <![CDATA[io.appium.java_client.service.local.InvalidServerInstanceException: Invalid server instance exception has occured: There is no installed nodes! Please install node via NPM (https://www.npmjs.com/package/appium#using-node-js) or download and install Appium app (http://appium.io/downloads.html)
at io.appium.java_client.service.local.AppiumServiceBuilder.findNodeInCurrentFileSystem(AppiumServiceBuilder.java:184)
at io.appium.java_client.service.local.AppiumServiceBuilder.checkAppiumJS(AppiumServiceBuilder.java:345)
at io.appium.java_client.service.local.AppiumServiceBuilder.createArgs(AppiumServiceBuilder.java:425)
at org.openqa.selenium.remote.service.DriverService$Builder.build(DriverService.java:358)
at io.appium.java_client.service.local.AppiumDriverLocalService.buildService(AppiumDriverLocalService.java:86)
at io.appium.java_client.service.local.AppiumDriverLocalService.buildDefaultService(AppiumDriverLocalService.java:82)
at com.tigerAir.mobileAutomation.Base.BasePage.<init>(BasePage.java:40)
at com.tigerAir.mobileAutomation.testCases.BookingModuleTestCases.setUP(BookingModuleTestCases.java:57)
at java.util.concurrent.FutureTask.run(Unknown Source)
at java.util.concurrent.ThreadPoolExecutor.runWorker(Unknown Source)
at java.util.concurrent.ThreadPoolExecutor$Worker.run(Unknown Source)
at java.lang.Thread.run(Unknown Source)
Caused by: java.io.IOException: C:\Users\ankit.1.kansal\AppData\Roaming\npm\node_modules

â”Œâ”€â”€â”€â”€â”€â”€â”€â”€â”€â”€â”€â”€â”€â”€â”€â”€â”€â”€â”€â”€â”€â”€â”€â”€â”€â”€â”€â”€â”€â”€â”€â”€â”€â”€â”€â”€â”€â”€â”€â”€â”€â”€â”€â”€â”€â”€â”€â”€â”€â”€â”€â”€â”€â”€â”€â”€â”€â”€â”€â”€â”€â”€â”€â”€â”€â”€â”€â”€â”€â”�
â”‚                       npm update check failed                       â”‚
â”‚                 Try running with sudo or get access                 â”‚
â”‚                to the local update config store via                 â”‚
â”‚ sudo chown -R $USER:$(id -gn $USER) C:\Users\ankit.1.kansal\.config â”‚
â””â”€â”€â”€â”€â”€â”€â”€â”€â”€â”€â”€â”€â”€â”€â”€â”€â”€â”€â”€â”€â”€â”€â”€â”€â”€â”€â”€â”€â”€â”€â”€â”€â”€â”€â”€â”€â”€â”€â”€â”€â”€â”€â”€â”€â”€â”€â”€â”€â”€â”€â”€â”€â”€â”€â”€â”€â”€â”€â”€â”€â”€â”€â”€â”€â”€â”€â”€â”€â”€â”˜

at io.appium.java_client.service.local.AppiumServiceBuilder.findNodeInCurrentFileSystem(AppiumServiceBuilder.java:185)
... 26 more
... Removed 15 stack frames]]>
    </failure>
  </testcase> <!-- @BeforeTest setUP -->
  <testcase name="@AfterMethod reportTearDown" time="-1.580158248621E9" classname="com.tigerAir.mobileAutomation.testCases.BookingModuleTestCases">
    <skipped/>
  </testcase> <!-- @AfterMethod reportTearDown -->
  <testcase name="@AfterTest stopService" time="-1.580158248627E9" classname="com.tigerAir.mobileAutomation.testCases.BookingModuleTestCases">
    <skipped/>
  </testcase> <!-- @AfterTest stopService -->
  <testcase name="OneAdult_OneWay_Currency_AUD_FareType_Light_FOP_Visa" time="0.0" classname="com.tigerAir.mobileAutomation.testCases.BookingModuleTestCases">
    <skipped/>
  </testcase> <!-- OneAdult_OneWay_Currency_AUD_FareType_Light_FOP_Visa -->
  <testcase name="OneAdult_OneWay_Currency_AUD_FareType_Light_FOP_Visa" time="38.958" classname="com.tigerAir.mobileAutomation.testCases.BookingModuleTestCases">
    <failure type="java.lang.AssertionError" message="The following asserts failed:
	Tigertainment is not there on the HomePage did not expect to find [Tigertainment] but found [null],
	Book Flight is not getting displayed on the home Page did not expect to find [true] but found [false]">
      <![CDATA[java.lang.AssertionError: The following asserts failed:
Tigertainment is not there on the HomePage did not expect to find [Tigertainment] but found [null],
Book Flight is not getting displayed on the home Page did not expect to find [true] but found [false]
at com.tigerAir.mobileAutomation.testCases.BookingModuleTestCases.OneAdult_OneWay_Currency_AUD_FareType_Light_FOP_Visa(BookingModuleTestCases.java:98)
at java.util.ArrayList.forEach(Unknown Source)
at java.util.concurrent.FutureTask.run(Unknown Source)
at java.util.concurrent.ThreadPoolExecutor.runWorker(Unknown Source)
at java.util.concurrent.ThreadPoolExecutor$Worker.run(Unknown Source)
at java.lang.Thread.run(Unknown Source)
... Removed 20 stack frames]]>
    </failure>
  </testcase> <!-- OneAdult_OneWay_Currency_AUD_FareType_Light_FOP_Visa -->
</testsuite> <!-- SamsungDeviceTest -->
